Building DAG of jobs...
Using shell: /usr/bin/bash
Provided cores: 1 (use --cores to define parallelism)
Rules claiming more threads will be scaled down.
Job stats:
job             count
------------  -------
all                 1
clean_data          1
plot_data           1
write_readme        1
total               4

Select jobs to execute...

[Sun May 18 22:29:46 2025]
rule clean_data:
    input: ../data/banking_data.csv
    output: ../results/cleaned_data.csv
    jobid: 1
    reason: Missing output files: ../results/cleaned_data.csv
    resources: tmpdir=/tmp

[Sun May 18 22:29:46 2025]
Finished job 1.
1 of 4 steps (25%) done
Select jobs to execute...

[Sun May 18 22:29:46 2025]
rule plot_data:
    input: ../results/cleaned_data.csv
    output: ../results/graph.png
    jobid: 2
    reason: Missing output files: ../results/graph.png; Input files updated by another job: ../results/cleaned_data.csv
    resources: tmpdir=/tmp

[Sun May 18 22:29:46 2025]
Error in rule plot_data:
    jobid: 2
    input: ../results/cleaned_data.csv
    output: ../results/graph.png

RuleException:
CalledProcessError in file /home/brandon/banking_project/workflow/Snakefile, line 21:
Command 'set -euo pipefail;  /home/brandon/miniconda3/envs/snakemake_env/bin/python3.10 /home/brandon/banking_project/workflow/.snakemake/scripts/tmpbgce2u3z.plot_data.py' returned non-zero exit status 1.
  File "/home/brandon/banking_project/workflow/Snakefile", line 21, in __rule_plot_data
  File "/home/brandon/miniconda3/envs/snakemake_env/lib/python3.10/concurrent/futures/thread.py", line 58, in run
Shutting down, this might take some time.
Exiting because a job execution failed. Look above for error message
Complete log: .snakemake/log/2025-05-18T222946.451079.snakemake.log
